{"D:\\Devs\\algorithm-animator\\src\\model\\BinaryHeap.ts": {"path":"D:\\Devs\\algorithm-animator\\src\\model\\BinaryHeap.ts","statementMap":{"0":{"start":{"line":1,"column":0},"end":{"line":1,"column":21}},"1":{"start":{"line":2,"column":0},"end":{"line":2,"column":37}},"2":{"start":{"line":3,"column":0},"end":{"line":3,"column":33}},"3":{"start":{"line":4,"column":0},"end":{"line":4,"column":48}},"4":{"start":{"line":12,"column":2},"end":{"line":12,"column":null}},"5":{"start":{"line":34,"column":4},"end":{"line":34,"column":null}},"6":{"start":{"line":35,"column":4},"end":{"line":37,"column":null}},"7":{"start":{"line":36,"column":6},"end":{"line":36,"column":null}},"8":{"start":{"line":38,"column":4},"end":{"line":38,"column":null}},"9":{"start":{"line":39,"column":4},"end":{"line":39,"column":null}},"10":{"start":{"line":40,"column":4},"end":{"line":40,"column":null}},"11":{"start":{"line":41,"column":4},"end":{"line":41,"column":null}},"12":{"start":{"line":41,"column":90},"end":{"line":41,"column":117}},"13":{"start":{"line":42,"column":4},"end":{"line":42,"column":null}},"14":{"start":{"line":42,"column":42},"end":{"line":42,"column":59}},"15":{"start":{"line":43,"column":4},"end":{"line":43,"column":null}},"16":{"start":{"line":43,"column":42},"end":{"line":43,"column":75}},"17":{"start":{"line":43,"column":65},"end":{"line":43,"column":74}},"18":{"start":{"line":44,"column":4},"end":{"line":44,"column":null}},"19":{"start":{"line":29,"column":16},"end":{"line":29,"column":43}},"20":{"start":{"line":30,"column":4},"end":{"line":30,"column":null}},"21":{"start":{"line":48,"column":15},"end":{"line":48,"column":100}},"22":{"start":{"line":48,"column":39},"end":{"line":48,"column":99}},"23":{"start":{"line":49,"column":4},"end":{"line":49,"column":null}},"24":{"start":{"line":49,"column":73},"end":{"line":49,"column":80}},"25":{"start":{"line":53,"column":4},"end":{"line":53,"column":null}},"26":{"start":{"line":53,"column":73},"end":{"line":53,"column":80}},"27":{"start":{"line":57,"column":4},"end":{"line":57,"column":null}},"28":{"start":{"line":61,"column":4},"end":{"line":61,"column":null}},"29":{"start":{"line":65,"column":4},"end":{"line":65,"column":null}},"30":{"start":{"line":69,"column":4},"end":{"line":69,"column":null}},"31":{"start":{"line":73,"column":4},"end":{"line":73,"column":null}},"32":{"start":{"line":77,"column":4},"end":{"line":77,"column":null}},"33":{"start":{"line":81,"column":4},"end":{"line":86,"column":null}},"34":{"start":{"line":82,"column":17},"end":{"line":82,"column":34}},"35":{"start":{"line":83,"column":6},"end":{"line":85,"column":null}},"36":{"start":{"line":84,"column":8},"end":{"line":84,"column":null}},"37":{"start":{"line":90,"column":4},"end":{"line":90,"column":null}},"38":{"start":{"line":94,"column":15},"end":{"line":94,"column":36}},"39":{"start":{"line":95,"column":4},"end":{"line":100,"column":null}},"40":{"start":{"line":96,"column":6},"end":{"line":98,"column":null}},"41":{"start":{"line":97,"column":8},"end":{"line":97,"column":null}},"42":{"start":{"line":99,"column":6},"end":{"line":99,"column":null}},"43":{"start":{"line":101,"column":4},"end":{"line":101,"column":null}},"44":{"start":{"line":105,"column":15},"end":{"line":105,"column":36}},"45":{"start":{"line":106,"column":4},"end":{"line":111,"column":null}},"46":{"start":{"line":107,"column":6},"end":{"line":107,"column":null}},"47":{"start":{"line":108,"column":6},"end":{"line":110,"column":null}},"48":{"start":{"line":109,"column":8},"end":{"line":109,"column":null}},"49":{"start":{"line":115,"column":4},"end":{"line":115,"column":null}},"50":{"start":{"line":119,"column":4},"end":{"line":119,"column":null}},"51":{"start":{"line":119,"column":25},"end":{"line":119,"column":44}},"52":{"start":{"line":123,"column":4},"end":{"line":125,"column":null}},"53":{"start":{"line":123,"column":17},"end":{"line":123,"column":18}},"54":{"start":{"line":124,"column":6},"end":{"line":124,"column":null}},"55":{"start":{"line":129,"column":4},"end":{"line":133,"column":null}},"56":{"start":{"line":129,"column":17},"end":{"line":129,"column":18}},"57":{"start":{"line":130,"column":6},"end":{"line":132,"column":null}},"58":{"start":{"line":131,"column":8},"end":{"line":131,"column":null}},"59":{"start":{"line":137,"column":4},"end":{"line":149,"column":null}},"60":{"start":{"line":138,"column":17},"end":{"line":138,"column":33}},"61":{"start":{"line":140,"column":6},"end":{"line":140,"column":null}},"62":{"start":{"line":141,"column":6},"end":{"line":141,"column":null}},"63":{"start":{"line":142,"column":6},"end":{"line":142,"column":null}},"64":{"start":{"line":143,"column":6},"end":{"line":143,"column":null}},"65":{"start":{"line":144,"column":6},"end":{"line":144,"column":null}},"66":{"start":{"line":145,"column":6},"end":{"line":145,"column":null}},"67":{"start":{"line":146,"column":6},"end":{"line":146,"column":null}},"68":{"start":{"line":148,"column":6},"end":{"line":148,"column":null}},"69":{"start":{"line":153,"column":4},"end":{"line":170,"column":null}},"70":{"start":{"line":153,"column":17},"end":{"line":153,"column":38}},"71":{"start":{"line":154,"column":23},"end":{"line":154,"column":35}},"72":{"start":{"line":155,"column":6},"end":{"line":169,"column":null}},"73":{"start":{"line":156,"column":21},"end":{"line":156,"column":44}},"74":{"start":{"line":157,"column":22},"end":{"line":157,"column":50}},"75":{"start":{"line":158,"column":8},"end":{"line":160,"column":null}},"76":{"start":{"line":159,"column":10},"end":{"line":159,"column":null}},"77":{"start":{"line":161,"column":8},"end":{"line":168,"column":null}},"78":{"start":{"line":162,"column":21},"end":{"line":162,"column":43}},"79":{"start":{"line":163,"column":10},"end":{"line":163,"column":null}},"80":{"start":{"line":164,"column":10},"end":{"line":164,"column":null}},"81":{"start":{"line":165,"column":10},"end":{"line":165,"column":null}},"82":{"start":{"line":167,"column":10},"end":{"line":167,"column":15}},"83":{"start":{"line":174,"column":21},"end":{"line":174,"column":37}},"84":{"start":{"line":175,"column":4},"end":{"line":198,"column":null}},"85":{"start":{"line":176,"column":19},"end":{"line":176,"column":42}},"86":{"start":{"line":177,"column":20},"end":{"line":177,"column":48}},"87":{"start":{"line":178,"column":6},"end":{"line":178,"column":null}},"88":{"start":{"line":179,"column":6},"end":{"line":179,"column":null}},"89":{"start":{"line":180,"column":6},"end":{"line":180,"column":null}},"90":{"start":{"line":181,"column":6},"end":{"line":186,"column":null}},"91":{"start":{"line":182,"column":8},"end":{"line":182,"column":null}},"92":{"start":{"line":183,"column":8},"end":{"line":183,"column":null}},"93":{"start":{"line":185,"column":8},"end":{"line":185,"column":null}},"94":{"start":{"line":187,"column":6},"end":{"line":187,"column":null}},"95":{"start":{"line":188,"column":6},"end":{"line":188,"column":null}},"96":{"start":{"line":189,"column":6},"end":{"line":189,"column":null}},"97":{"start":{"line":190,"column":6},"end":{"line":196,"column":null}},"98":{"start":{"line":191,"column":8},"end":{"line":191,"column":null}},"99":{"start":{"line":192,"column":8},"end":{"line":192,"column":null}},"100":{"start":{"line":193,"column":8},"end":{"line":193,"column":null}},"101":{"start":{"line":195,"column":8},"end":{"line":195,"column":13}},"102":{"start":{"line":197,"column":6},"end":{"line":197,"column":null}},"103":{"start":{"line":202,"column":4},"end":{"line":207,"column":null}},"104":{"start":{"line":202,"column":17},"end":{"line":202,"column":38}},"105":{"start":{"line":203,"column":6},"end":{"line":203,"column":null}},"106":{"start":{"line":204,"column":6},"end":{"line":204,"column":null}},"107":{"start":{"line":205,"column":6},"end":{"line":205,"column":null}},"108":{"start":{"line":206,"column":6},"end":{"line":206,"column":null}},"109":{"start":{"line":211,"column":4},"end":{"line":214,"column":null}},"110":{"start":{"line":212,"column":21},"end":{"line":212,"column":85}},"111":{"start":{"line":213,"column":6},"end":{"line":213,"column":null}},"112":{"start":{"line":213,"column":80},"end":{"line":213,"column":111}},"113":{"start":{"line":215,"column":21},"end":{"line":215,"column":40}},"114":{"start":{"line":216,"column":4},"end":{"line":216,"column":null}},"115":{"start":{"line":217,"column":4},"end":{"line":217,"column":null}},"116":{"start":{"line":218,"column":4},"end":{"line":218,"column":null}},"117":{"start":{"line":219,"column":4},"end":{"line":219,"column":null}},"118":{"start":{"line":220,"column":17},"end":{"line":220,"column":43}},"119":{"start":{"line":221,"column":4},"end":{"line":221,"column":null}},"120":{"start":{"line":222,"column":4},"end":{"line":227,"column":null}},"121":{"start":{"line":223,"column":6},"end":{"line":223,"column":null}},"122":{"start":{"line":224,"column":6},"end":{"line":224,"column":null}},"123":{"start":{"line":225,"column":6},"end":{"line":225,"column":null}},"124":{"start":{"line":226,"column":6},"end":{"line":226,"column":null}},"125":{"start":{"line":228,"column":4},"end":{"line":228,"column":null}},"126":{"start":{"line":233,"column":19},"end":{"line":233,"column":38}},"127":{"start":{"line":235,"column":4},"end":{"line":235,"column":null}},"128":{"start":{"line":236,"column":4},"end":{"line":236,"column":null}},"129":{"start":{"line":237,"column":4},"end":{"line":237,"column":null}},"130":{"start":{"line":238,"column":4},"end":{"line":238,"column":null}},"131":{"start":{"line":239,"column":4},"end":{"line":239,"column":null}},"132":{"start":{"line":240,"column":4},"end":{"line":240,"column":null}},"133":{"start":{"line":241,"column":4},"end":{"line":241,"column":null}},"134":{"start":{"line":242,"column":4},"end":{"line":242,"column":null}},"135":{"start":{"line":244,"column":4},"end":{"line":244,"column":null}},"136":{"start":{"line":245,"column":4},"end":{"line":245,"column":null}},"137":{"start":{"line":246,"column":4},"end":{"line":246,"column":null}},"138":{"start":{"line":19,"column":0},"end":{"line":19,"column":13}}},"fnMap":{"0":{"name":"CreateHeapNode","decl":{"start":{"line":11,"column":9},"end":{"line":11,"column":23}},"loc":{"start":{"line":11,"column":35},"end":{"line":13,"column":1}}},"1":{"name":"(anonymous_1)","decl":{"start":{"line":33,"column":2},"end":{"line":33,"column":14}},"loc":{"start":{"line":33,"column":184},"end":{"line":45,"column":3}}},"2":{"name":"(anonymous_2)","decl":{"start":{"line":35,"column":69},"end":{"line":35,"column":74}},"loc":{"start":{"line":35,"column":77},"end":{"line":37,"column":5}}},"3":{"name":"(anonymous_3)","decl":{"start":{"line":41,"column":20},"end":{"line":41,"column":21}},"loc":{"start":{"line":41,"column":90},"end":{"line":41,"column":117}}},"4":{"name":"(anonymous_4)","decl":{"start":{"line":42,"column":30},"end":{"line":42,"column":31}},"loc":{"start":{"line":42,"column":42},"end":{"line":42,"column":59}}},"5":{"name":"(anonymous_5)","decl":{"start":{"line":43,"column":36},"end":{"line":43,"column":39}},"loc":{"start":{"line":43,"column":42},"end":{"line":43,"column":75}}},"6":{"name":"(anonymous_6)","decl":{"start":{"line":43,"column":54},"end":{"line":43,"column":61}},"loc":{"start":{"line":43,"column":65},"end":{"line":43,"column":74}}},"7":{"name":"(anonymous_7)","decl":{"start":{"line":28,"column":10},"end":{"line":28,"column":26}},"loc":{"start":{"line":28,"column":36},"end":{"line":31,"column":3}}},"8":{"name":"(anonymous_8)","decl":{"start":{"line":47,"column":2},"end":{"line":47,"column":8}},"loc":{"start":{"line":47,"column":110},"end":{"line":50,"column":3}}},"9":{"name":"(anonymous_9)","decl":{"start":{"line":48,"column":33},"end":{"line":48,"column":36}},"loc":{"start":{"line":48,"column":39},"end":{"line":48,"column":99}}},"10":{"name":"(anonymous_10)","decl":{"start":{"line":49,"column":61},"end":{"line":49,"column":62}},"loc":{"start":{"line":49,"column":73},"end":{"line":49,"column":80}}},"11":{"name":"(anonymous_11)","decl":{"start":{"line":52,"column":2},"end":{"line":52,"column":8}},"loc":{"start":{"line":52,"column":107},"end":{"line":54,"column":3}}},"12":{"name":"(anonymous_12)","decl":{"start":{"line":53,"column":61},"end":{"line":53,"column":62}},"loc":{"start":{"line":53,"column":73},"end":{"line":53,"column":80}}},"13":{"name":"(anonymous_13)","decl":{"start":{"line":56,"column":2},"end":{"line":56,"column":6}},"loc":{"start":{"line":56,"column":10},"end":{"line":58,"column":3}}},"14":{"name":"(anonymous_14)","decl":{"start":{"line":60,"column":2},"end":{"line":60,"column":6}},"loc":{"start":{"line":60,"column":11},"end":{"line":62,"column":3}}},"15":{"name":"(anonymous_15)","decl":{"start":{"line":64,"column":2},"end":{"line":64,"column":6}},"loc":{"start":{"line":64,"column":25},"end":{"line":66,"column":3}}},"16":{"name":"(anonymous_16)","decl":{"start":{"line":68,"column":10},"end":{"line":68,"column":14}},"loc":{"start":{"line":68,"column":28},"end":{"line":70,"column":3}}},"17":{"name":"(anonymous_17)","decl":{"start":{"line":72,"column":10},"end":{"line":72,"column":21}},"loc":{"start":{"line":72,"column":35},"end":{"line":74,"column":3}}},"18":{"name":"(anonymous_18)","decl":{"start":{"line":76,"column":10},"end":{"line":76,"column":16}},"loc":{"start":{"line":76,"column":30},"end":{"line":78,"column":3}}},"19":{"name":"(anonymous_19)","decl":{"start":{"line":80,"column":10},"end":{"line":80,"column":15}},"loc":{"start":{"line":80,"column":93},"end":{"line":87,"column":3}}},"20":{"name":"(anonymous_20)","decl":{"start":{"line":81,"column":20},"end":{"line":81,"column":25}},"loc":{"start":{"line":81,"column":28},"end":{"line":86,"column":5}}},"21":{"name":"(anonymous_21)","decl":{"start":{"line":89,"column":2},"end":{"line":89,"column":6}},"loc":{"start":{"line":89,"column":6},"end":{"line":91,"column":3}}},"22":{"name":"(anonymous_22)","decl":{"start":{"line":93,"column":2},"end":{"line":93,"column":5}},"loc":{"start":{"line":93,"column":44},"end":{"line":102,"column":3}}},"23":{"name":"(anonymous_23)","decl":{"start":{"line":104,"column":2},"end":{"line":104,"column":5}},"loc":{"start":{"line":104,"column":54},"end":{"line":112,"column":3}}},"24":{"name":"(anonymous_24)","decl":{"start":{"line":114,"column":2},"end":{"line":114,"column":5}},"loc":{"start":{"line":114,"column":19},"end":{"line":116,"column":3}}},"25":{"name":"(anonymous_25)","decl":{"start":{"line":118,"column":2},"end":{"line":118,"column":7}},"loc":{"start":{"line":118,"column":48},"end":{"line":120,"column":3}}},"26":{"name":"(anonymous_26)","decl":{"start":{"line":119,"column":15},"end":{"line":119,"column":19}},"loc":{"start":{"line":119,"column":22},"end":{"line":119,"column":45}}},"27":{"name":"(anonymous_27)","decl":{"start":{"line":122,"column":2},"end":{"line":122,"column":9}},"loc":{"start":{"line":122,"column":9},"end":{"line":126,"column":3}}},"28":{"name":"(anonymous_28)","decl":{"start":{"line":128,"column":2},"end":{"line":128,"column":16}},"loc":{"start":{"line":128,"column":30},"end":{"line":134,"column":3}}},"29":{"name":"(anonymous_29)","decl":{"start":{"line":136,"column":2},"end":{"line":136,"column":7}},"loc":{"start":{"line":136,"column":78},"end":{"line":150,"column":3}}},"30":{"name":"(anonymous_30)","decl":{"start":{"line":152,"column":2},"end":{"line":152,"column":18}},"loc":{"start":{"line":152,"column":18},"end":{"line":171,"column":3}}},"31":{"name":"(anonymous_31)","decl":{"start":{"line":173,"column":10},"end":{"line":173,"column":15}},"loc":{"start":{"line":173,"column":34},"end":{"line":199,"column":3}}},"32":{"name":"(anonymous_32)","decl":{"start":{"line":201,"column":2},"end":{"line":201,"column":7}},"loc":{"start":{"line":201,"column":17},"end":{"line":208,"column":3}}},"33":{"name":"(anonymous_33)","decl":{"start":{"line":210,"column":2},"end":{"line":210,"column":7}},"loc":{"start":{"line":210,"column":23},"end":{"line":229,"column":3}}},"34":{"name":"(anonymous_34)","decl":{"start":{"line":213,"column":74},"end":{"line":213,"column":77}},"loc":{"start":{"line":213,"column":80},"end":{"line":213,"column":111}}},"35":{"name":"(anonymous_35)","decl":{"start":{"line":231,"column":2},"end":{"line":231,"column":7}},"loc":{"start":{"line":231,"column":14},"end":{"line":247,"column":3}}}},"branchMap":{"0":{"loc":{"start":{"line":33,"column":32},"end":{"line":33,"column":34}},"type":"default-arg","locations":[{"start":{"line":33,"column":32},"end":{"line":33,"column":34}}]},"1":{"loc":{"start":{"line":36,"column":67},"end":{"line":36,"column":83}},"type":"cond-expr","locations":[{"start":{"line":36,"column":67},"end":{"line":36,"column":83}},{"start":{"line":36,"column":86},"end":{"line":36,"column":95}}]},"2":{"loc":{"start":{"line":36,"column":29},"end":{"line":36,"column":38}},"type":"binary-expr","locations":[{"start":{"line":36,"column":29},"end":{"line":36,"column":38}},{"start":{"line":36,"column":42},"end":{"line":36,"column":63}}]},"3":{"loc":{"start":{"line":42,"column":19},"end":{"line":42,"column":25}},"type":"binary-expr","locations":[{"start":{"line":42,"column":19},"end":{"line":42,"column":25}},{"start":{"line":42,"column":30},"end":{"line":42,"column":59}}]},"4":{"loc":{"start":{"line":43,"column":21},"end":{"line":43,"column":31}},"type":"binary-expr","locations":[{"start":{"line":43,"column":21},"end":{"line":43,"column":31}},{"start":{"line":43,"column":36},"end":{"line":43,"column":75}}]},"5":{"loc":{"start":{"line":47,"column":36},"end":{"line":47,"column":43}},"type":"default-arg","locations":[{"start":{"line":47,"column":36},"end":{"line":47,"column":43}}]},"6":{"loc":{"start":{"line":83,"column":6},"end":{"line":85,"column":null}},"type":"if","locations":[{"start":{"line":83,"column":6},"end":{"line":85,"column":null}},{"start":{"line":83,"column":6},"end":{"line":85,"column":null}}]},"7":{"loc":{"start":{"line":83,"column":10},"end":{"line":83,"column":14}},"type":"binary-expr","locations":[{"start":{"line":83,"column":10},"end":{"line":83,"column":14}},{"start":{"line":83,"column":18},"end":{"line":83,"column":43}}]},"8":{"loc":{"start":{"line":95,"column":4},"end":{"line":100,"column":null}},"type":"if","locations":[{"start":{"line":95,"column":4},"end":{"line":100,"column":null}},{"start":{"line":95,"column":4},"end":{"line":100,"column":null}}]},"9":{"loc":{"start":{"line":96,"column":6},"end":{"line":98,"column":null}},"type":"if","locations":[{"start":{"line":96,"column":6},"end":{"line":98,"column":null}},{"start":{"line":96,"column":6},"end":{"line":98,"column":null}}]},"10":{"loc":{"start":{"line":106,"column":4},"end":{"line":111,"column":null}},"type":"if","locations":[{"start":{"line":106,"column":4},"end":{"line":111,"column":null}},{"start":{"line":106,"column":4},"end":{"line":111,"column":null}}]},"11":{"loc":{"start":{"line":108,"column":6},"end":{"line":110,"column":null}},"type":"if","locations":[{"start":{"line":108,"column":6},"end":{"line":110,"column":null}},{"start":{"line":108,"column":6},"end":{"line":110,"column":null}}]},"12":{"loc":{"start":{"line":130,"column":6},"end":{"line":132,"column":null}},"type":"if","locations":[{"start":{"line":130,"column":6},"end":{"line":132,"column":null}},{"start":{"line":130,"column":6},"end":{"line":132,"column":null}}]},"13":{"loc":{"start":{"line":136,"column":54},"end":{"line":136,"column":78}},"type":"default-arg","locations":[{"start":{"line":136,"column":54},"end":{"line":136,"column":78}}]},"14":{"loc":{"start":{"line":137,"column":4},"end":{"line":149,"column":null}},"type":"if","locations":[{"start":{"line":137,"column":4},"end":{"line":149,"column":null}},{"start":{"line":137,"column":4},"end":{"line":149,"column":null}}]},"15":{"loc":{"start":{"line":158,"column":8},"end":{"line":160,"column":null}},"type":"if","locations":[{"start":{"line":158,"column":8},"end":{"line":160,"column":null}},{"start":{"line":158,"column":8},"end":{"line":160,"column":null}}]},"16":{"loc":{"start":{"line":158,"column":12},"end":{"line":158,"column":42}},"type":"binary-expr","locations":[{"start":{"line":158,"column":12},"end":{"line":158,"column":42}},{"start":{"line":158,"column":46},"end":{"line":158,"column":108}}]},"17":{"loc":{"start":{"line":161,"column":8},"end":{"line":168,"column":null}},"type":"if","locations":[{"start":{"line":161,"column":8},"end":{"line":168,"column":null}},{"start":{"line":161,"column":8},"end":{"line":168,"column":null}}]},"18":{"loc":{"start":{"line":181,"column":6},"end":{"line":186,"column":null}},"type":"if","locations":[{"start":{"line":181,"column":6},"end":{"line":186,"column":null}},{"start":{"line":181,"column":6},"end":{"line":186,"column":null}}]},"19":{"loc":{"start":{"line":181,"column":10},"end":{"line":181,"column":40}},"type":"binary-expr","locations":[{"start":{"line":181,"column":10},"end":{"line":181,"column":40}},{"start":{"line":181,"column":44},"end":{"line":181,"column":106}}]},"20":{"loc":{"start":{"line":190,"column":6},"end":{"line":196,"column":null}},"type":"if","locations":[{"start":{"line":190,"column":6},"end":{"line":196,"column":null}},{"start":{"line":190,"column":6},"end":{"line":196,"column":null}}]},"21":{"loc":{"start":{"line":211,"column":4},"end":{"line":214,"column":null}},"type":"if","locations":[{"start":{"line":211,"column":4},"end":{"line":214,"column":null}},{"start":{"line":211,"column":4},"end":{"line":214,"column":null}}]},"22":{"loc":{"start":{"line":222,"column":11},"end":{"line":222,"column":25}},"type":"binary-expr","locations":[{"start":{"line":222,"column":11},"end":{"line":222,"column":25}},{"start":{"line":222,"column":29},"end":{"line":222,"column":90}}]}},"s":{"0":1,"1":1,"2":1,"3":1,"4":16,"5":1,"6":1,"7":16,"8":1,"9":1,"10":1,"11":1,"12":0,"13":1,"14":0,"15":1,"16":0,"17":0,"18":1,"19":1,"20":1,"21":0,"22":0,"23":0,"24":0,"25":0,"26":0,"27":1,"28":0,"29":0,"30":0,"31":0,"32":0,"33":0,"34":0,"35":0,"36":0,"37":0,"38":0,"39":0,"40":0,"41":0,"42":0,"43":0,"44":0,"45":0,"46":0,"47":0,"48":0,"49":0,"50":0,"51":0,"52":0,"53":0,"54":0,"55":0,"56":0,"57":0,"58":0,"59":0,"60":0,"61":0,"62":0,"63":0,"64":0,"65":0,"66":0,"67":0,"68":0,"69":0,"70":0,"71":0,"72":0,"73":0,"74":0,"75":0,"76":0,"77":0,"78":0,"79":0,"80":0,"81":0,"82":0,"83":0,"84":0,"85":0,"86":0,"87":0,"88":0,"89":0,"90":0,"91":0,"92":0,"93":0,"94":0,"95":0,"96":0,"97":0,"98":0,"99":0,"100":0,"101":0,"102":0,"103":0,"104":0,"105":0,"106":0,"107":0,"108":0,"109":0,"110":0,"111":0,"112":0,"113":0,"114":0,"115":0,"116":0,"117":0,"118":0,"119":0,"120":0,"121":0,"122":0,"123":0,"124":0,"125":0,"126":0,"127":0,"128":0,"129":0,"130":0,"131":0,"132":0,"133":0,"134":0,"135":0,"136":0,"137":0,"138":1},"f":{"0":16,"1":1,"2":16,"3":0,"4":0,"5":0,"6":0,"7":1,"8":0,"9":0,"10":0,"11":0,"12":0,"13":1,"14":0,"15":0,"16":0,"17":0,"18":0,"19":0,"20":0,"21":0,"22":0,"23":0,"24":0,"25":0,"26":0,"27":0,"28":0,"29":0,"30":0,"31":0,"32":0,"33":0,"34":0,"35":0},"b":{"0":[0],"1":[8,8],"2":[16,15],"3":[1,0],"4":[1,1],"5":[0],"6":[0,0],"7":[0,0],"8":[0,0],"9":[0,0],"10":[0,0],"11":[0,0],"12":[0,0],"13":[0],"14":[0,0],"15":[0,0],"16":[0,0],"17":[0,0],"18":[0,0],"19":[0,0],"20":[0,0],"21":[0,0],"22":[0,0]}}
,"D:\\Devs\\algorithm-animator\\src\\model\\ObjectLink.ts": {"path":"D:\\Devs\\algorithm-animator\\src\\model\\ObjectLink.ts","statementMap":{"0":{"start":{"line":2,"column":10},"end":{"line":2,"column":null}},"1":{"start":{"line":3,"column":10},"end":{"line":3,"column":null}},"2":{"start":{"line":6,"column":4},"end":{"line":6,"column":null}},"3":{"start":{"line":10,"column":4},"end":{"line":10,"column":null}},"4":{"start":{"line":11,"column":4},"end":{"line":11,"column":null}},"5":{"start":{"line":15,"column":15},"end":{"line":15,"column":31}},"6":{"start":{"line":17,"column":9},"end":{"line":17,"column":15}}},"fnMap":{"0":{"name":"(anonymous_0)","decl":{"start":{"line":1,"column":0},"end":{"line":1,"column":6}},"loc":{"start":{"line":1,"column":0},"end":{"line":13,"column":1}}},"1":{"name":"(anonymous_1)","decl":{"start":{"line":5,"column":2},"end":{"line":5,"column":5}},"loc":{"start":{"line":5,"column":19},"end":{"line":7,"column":3}}},"2":{"name":"(anonymous_2)","decl":{"start":{"line":9,"column":2},"end":{"line":9,"column":5}},"loc":{"start":{"line":9,"column":15},"end":{"line":12,"column":3}}}},"branchMap":{},"s":{"0":3,"1":3,"2":2,"3":5,"4":5,"5":3,"6":3},"f":{"0":3,"1":2,"2":5},"b":{}}
,"D:\\Devs\\algorithm-animator\\src\\model\\ObservableArray.ts": {"path":"D:\\Devs\\algorithm-animator\\src\\model\\ObservableArray.ts","statementMap":{"0":{"start":{"line":1,"column":0},"end":{"line":1,"column":21}},"1":{"start":{"line":2,"column":0},"end":{"line":2,"column":37}},"2":{"start":{"line":3,"column":0},"end":{"line":3,"column":33}},"3":{"start":{"line":4,"column":0},"end":{"line":4,"column":48}},"4":{"start":{"line":12,"column":2},"end":{"line":12,"column":null}},"5":{"start":{"line":26,"column":4},"end":{"line":26,"column":null}},"6":{"start":{"line":26,"column":37},"end":{"line":26,"column":59}},"7":{"start":{"line":27,"column":4},"end":{"line":27,"column":null}},"8":{"start":{"line":28,"column":4},"end":{"line":28,"column":null}},"9":{"start":{"line":28,"column":42},"end":{"line":28,"column":75}},"10":{"start":{"line":28,"column":65},"end":{"line":28,"column":74}},"11":{"start":{"line":32,"column":15},"end":{"line":32,"column":100}},"12":{"start":{"line":32,"column":39},"end":{"line":32,"column":99}},"13":{"start":{"line":33,"column":4},"end":{"line":33,"column":null}},"14":{"start":{"line":37,"column":4},"end":{"line":37,"column":null}},"15":{"start":{"line":41,"column":4},"end":{"line":41,"column":null}},"16":{"start":{"line":45,"column":4},"end":{"line":45,"column":null}},"17":{"start":{"line":49,"column":4},"end":{"line":54,"column":null}},"18":{"start":{"line":50,"column":17},"end":{"line":50,"column":35}},"19":{"start":{"line":51,"column":6},"end":{"line":53,"column":null}},"20":{"start":{"line":52,"column":8},"end":{"line":52,"column":null}},"21":{"start":{"line":58,"column":4},"end":{"line":58,"column":null}},"22":{"start":{"line":58,"column":25},"end":{"line":58,"column":44}},"23":{"start":{"line":62,"column":4},"end":{"line":62,"column":null}},"24":{"start":{"line":62,"column":34},"end":{"line":62,"column":68}},"25":{"start":{"line":66,"column":4},"end":{"line":70,"column":null}},"26":{"start":{"line":67,"column":6},"end":{"line":69,"column":null}},"27":{"start":{"line":68,"column":8},"end":{"line":68,"column":null}},"28":{"start":{"line":74,"column":4},"end":{"line":74,"column":null}},"29":{"start":{"line":78,"column":15},"end":{"line":78,"column":33}},"30":{"start":{"line":79,"column":4},"end":{"line":84,"column":null}},"31":{"start":{"line":80,"column":6},"end":{"line":82,"column":null}},"32":{"start":{"line":81,"column":8},"end":{"line":81,"column":null}},"33":{"start":{"line":83,"column":6},"end":{"line":83,"column":null}},"34":{"start":{"line":85,"column":4},"end":{"line":85,"column":null}},"35":{"start":{"line":89,"column":15},"end":{"line":89,"column":33}},"36":{"start":{"line":90,"column":4},"end":{"line":95,"column":null}},"37":{"start":{"line":91,"column":6},"end":{"line":93,"column":null}},"38":{"start":{"line":92,"column":8},"end":{"line":92,"column":null}},"39":{"start":{"line":94,"column":6},"end":{"line":94,"column":null}},"40":{"start":{"line":99,"column":4},"end":{"line":99,"column":null}},"41":{"start":{"line":103,"column":4},"end":{"line":103,"column":null}},"42":{"start":{"line":103,"column":73},"end":{"line":103,"column":95}},"43":{"start":{"line":107,"column":4},"end":{"line":119,"column":null}},"44":{"start":{"line":108,"column":17},"end":{"line":108,"column":34}},"45":{"start":{"line":110,"column":6},"end":{"line":110,"column":null}},"46":{"start":{"line":111,"column":6},"end":{"line":111,"column":null}},"47":{"start":{"line":112,"column":6},"end":{"line":112,"column":null}},"48":{"start":{"line":113,"column":6},"end":{"line":113,"column":null}},"49":{"start":{"line":114,"column":6},"end":{"line":114,"column":null}},"50":{"start":{"line":115,"column":6},"end":{"line":115,"column":null}},"51":{"start":{"line":116,"column":6},"end":{"line":116,"column":null}},"52":{"start":{"line":118,"column":6},"end":{"line":118,"column":null}},"53":{"start":{"line":123,"column":4},"end":{"line":132,"column":null}},"54":{"start":{"line":124,"column":6},"end":{"line":124,"column":null}},"55":{"start":{"line":125,"column":6},"end":{"line":125,"column":null}},"56":{"start":{"line":126,"column":6},"end":{"line":126,"column":null}},"57":{"start":{"line":127,"column":6},"end":{"line":127,"column":null}},"58":{"start":{"line":128,"column":6},"end":{"line":128,"column":null}},"59":{"start":{"line":129,"column":6},"end":{"line":129,"column":null}},"60":{"start":{"line":130,"column":6},"end":{"line":130,"column":null}},"61":{"start":{"line":131,"column":6},"end":{"line":131,"column":null}},"62":{"start":{"line":21,"column":0},"end":{"line":21,"column":13}}},"fnMap":{"0":{"name":"CreateArrayItem","decl":{"start":{"line":11,"column":9},"end":{"line":11,"column":24}},"loc":{"start":{"line":11,"column":36},"end":{"line":13,"column":1}}},"1":{"name":"(anonymous_1)","decl":{"start":{"line":25,"column":2},"end":{"line":25,"column":14}},"loc":{"start":{"line":25,"column":67},"end":{"line":29,"column":3}}},"2":{"name":"(anonymous_2)","decl":{"start":{"line":26,"column":28},"end":{"line":26,"column":33}},"loc":{"start":{"line":26,"column":37},"end":{"line":26,"column":59}}},"3":{"name":"(anonymous_3)","decl":{"start":{"line":28,"column":36},"end":{"line":28,"column":39}},"loc":{"start":{"line":28,"column":42},"end":{"line":28,"column":75}}},"4":{"name":"(anonymous_4)","decl":{"start":{"line":28,"column":54},"end":{"line":28,"column":61}},"loc":{"start":{"line":28,"column":65},"end":{"line":28,"column":74}}},"5":{"name":"(anonymous_5)","decl":{"start":{"line":31,"column":2},"end":{"line":31,"column":8}},"loc":{"start":{"line":31,"column":76},"end":{"line":34,"column":3}}},"6":{"name":"(anonymous_6)","decl":{"start":{"line":32,"column":33},"end":{"line":32,"column":36}},"loc":{"start":{"line":32,"column":39},"end":{"line":32,"column":99}}},"7":{"name":"(anonymous_7)","decl":{"start":{"line":36,"column":2},"end":{"line":36,"column":8}},"loc":{"start":{"line":36,"column":64},"end":{"line":38,"column":3}}},"8":{"name":"(anonymous_8)","decl":{"start":{"line":40,"column":2},"end":{"line":40,"column":6}},"loc":{"start":{"line":40,"column":10},"end":{"line":42,"column":3}}},"9":{"name":"(anonymous_9)","decl":{"start":{"line":44,"column":2},"end":{"line":44,"column":6}},"loc":{"start":{"line":44,"column":12},"end":{"line":46,"column":3}}},"10":{"name":"(anonymous_10)","decl":{"start":{"line":48,"column":10},"end":{"line":48,"column":15}},"loc":{"start":{"line":48,"column":88},"end":{"line":55,"column":3}}},"11":{"name":"(anonymous_11)","decl":{"start":{"line":49,"column":20},"end":{"line":49,"column":25}},"loc":{"start":{"line":49,"column":28},"end":{"line":54,"column":5}}},"12":{"name":"(anonymous_12)","decl":{"start":{"line":57,"column":2},"end":{"line":57,"column":7}},"loc":{"start":{"line":57,"column":48},"end":{"line":59,"column":3}}},"13":{"name":"(anonymous_13)","decl":{"start":{"line":58,"column":15},"end":{"line":58,"column":19}},"loc":{"start":{"line":58,"column":22},"end":{"line":58,"column":45}}},"14":{"name":"(anonymous_14)","decl":{"start":{"line":61,"column":2},"end":{"line":61,"column":9}},"loc":{"start":{"line":61,"column":9},"end":{"line":63,"column":3}}},"15":{"name":"(anonymous_15)","decl":{"start":{"line":62,"column":24},"end":{"line":62,"column":28}},"loc":{"start":{"line":62,"column":31},"end":{"line":62,"column":69}}},"16":{"name":"(anonymous_16)","decl":{"start":{"line":65,"column":2},"end":{"line":65,"column":16}},"loc":{"start":{"line":65,"column":30},"end":{"line":71,"column":3}}},"17":{"name":"(anonymous_17)","decl":{"start":{"line":66,"column":24},"end":{"line":66,"column":28}},"loc":{"start":{"line":66,"column":31},"end":{"line":70,"column":5}}},"18":{"name":"(anonymous_18)","decl":{"start":{"line":73,"column":2},"end":{"line":73,"column":5}},"loc":{"start":{"line":73,"column":19},"end":{"line":75,"column":3}}},"19":{"name":"(anonymous_19)","decl":{"start":{"line":77,"column":2},"end":{"line":77,"column":5}},"loc":{"start":{"line":77,"column":35},"end":{"line":86,"column":3}}},"20":{"name":"(anonymous_20)","decl":{"start":{"line":88,"column":2},"end":{"line":88,"column":5}},"loc":{"start":{"line":88,"column":45},"end":{"line":96,"column":3}}},"21":{"name":"(anonymous_21)","decl":{"start":{"line":98,"column":2},"end":{"line":98,"column":7}},"loc":{"start":{"line":98,"column":7},"end":{"line":100,"column":3}}},"22":{"name":"(anonymous_22)","decl":{"start":{"line":102,"column":2},"end":{"line":102,"column":6}},"loc":{"start":{"line":102,"column":26},"end":{"line":104,"column":3}}},"23":{"name":"(anonymous_23)","decl":{"start":{"line":103,"column":67},"end":{"line":103,"column":70}},"loc":{"start":{"line":103,"column":73},"end":{"line":103,"column":95}}},"24":{"name":"(anonymous_24)","decl":{"start":{"line":106,"column":2},"end":{"line":106,"column":7}},"loc":{"start":{"line":106,"column":93},"end":{"line":120,"column":3}}},"25":{"name":"(anonymous_25)","decl":{"start":{"line":122,"column":2},"end":{"line":122,"column":7}},"loc":{"start":{"line":122,"column":89},"end":{"line":133,"column":3}}}},"branchMap":{"0":{"loc":{"start":{"line":25,"column":32},"end":{"line":25,"column":34}},"type":"default-arg","locations":[{"start":{"line":25,"column":32},"end":{"line":25,"column":34}}]},"1":{"loc":{"start":{"line":28,"column":21},"end":{"line":28,"column":31}},"type":"binary-expr","locations":[{"start":{"line":28,"column":21},"end":{"line":28,"column":31}},{"start":{"line":28,"column":36},"end":{"line":28,"column":75}}]},"2":{"loc":{"start":{"line":31,"column":36},"end":{"line":31,"column":43}},"type":"default-arg","locations":[{"start":{"line":31,"column":36},"end":{"line":31,"column":43}}]},"3":{"loc":{"start":{"line":51,"column":6},"end":{"line":53,"column":null}},"type":"if","locations":[{"start":{"line":51,"column":6},"end":{"line":53,"column":null}},{"start":{"line":51,"column":6},"end":{"line":53,"column":null}}]},"4":{"loc":{"start":{"line":67,"column":6},"end":{"line":69,"column":null}},"type":"if","locations":[{"start":{"line":67,"column":6},"end":{"line":69,"column":null}},{"start":{"line":67,"column":6},"end":{"line":69,"column":null}}]},"5":{"loc":{"start":{"line":79,"column":4},"end":{"line":84,"column":null}},"type":"if","locations":[{"start":{"line":79,"column":4},"end":{"line":84,"column":null}},{"start":{"line":79,"column":4},"end":{"line":84,"column":null}}]},"6":{"loc":{"start":{"line":80,"column":6},"end":{"line":82,"column":null}},"type":"if","locations":[{"start":{"line":80,"column":6},"end":{"line":82,"column":null}},{"start":{"line":80,"column":6},"end":{"line":82,"column":null}}]},"7":{"loc":{"start":{"line":90,"column":4},"end":{"line":95,"column":null}},"type":"if","locations":[{"start":{"line":90,"column":4},"end":{"line":95,"column":null}},{"start":{"line":90,"column":4},"end":{"line":95,"column":null}}]},"8":{"loc":{"start":{"line":91,"column":6},"end":{"line":93,"column":null}},"type":"if","locations":[{"start":{"line":91,"column":6},"end":{"line":93,"column":null}},{"start":{"line":91,"column":6},"end":{"line":93,"column":null}}]},"9":{"loc":{"start":{"line":106,"column":69},"end":{"line":106,"column":93}},"type":"default-arg","locations":[{"start":{"line":106,"column":69},"end":{"line":106,"column":93}}]},"10":{"loc":{"start":{"line":107,"column":4},"end":{"line":119,"column":null}},"type":"if","locations":[{"start":{"line":107,"column":4},"end":{"line":119,"column":null}},{"start":{"line":107,"column":4},"end":{"line":119,"column":null}}]},"11":{"loc":{"start":{"line":122,"column":69},"end":{"line":122,"column":89}},"type":"default-arg","locations":[{"start":{"line":122,"column":69},"end":{"line":122,"column":89}}]},"12":{"loc":{"start":{"line":123,"column":4},"end":{"line":132,"column":null}},"type":"if","locations":[{"start":{"line":123,"column":4},"end":{"line":132,"column":null}},{"start":{"line":123,"column":4},"end":{"line":132,"column":null}}]}},"s":{"0":1,"1":1,"2":1,"3":1,"4":39,"5":3,"6":31,"7":3,"8":3,"9":0,"10":0,"11":1,"12":20,"13":1,"14":1,"15":12,"16":2,"17":5,"18":7,"19":7,"20":7,"21":5,"22":7,"23":1,"24":8,"25":1,"26":8,"27":2,"28":3,"29":1,"30":1,"31":1,"32":1,"33":1,"34":0,"35":1,"36":1,"37":1,"38":1,"39":1,"40":1,"41":1,"42":8,"43":1,"44":1,"45":1,"46":1,"47":0,"48":0,"49":0,"50":0,"51":0,"52":0,"53":1,"54":1,"55":1,"56":1,"57":0,"58":0,"59":0,"60":0,"61":0,"62":1},"f":{"0":39,"1":3,"2":31,"3":0,"4":0,"5":1,"6":20,"7":1,"8":12,"9":2,"10":5,"11":7,"12":5,"13":7,"14":1,"15":8,"16":1,"17":8,"18":3,"19":1,"20":1,"21":1,"22":1,"23":8,"24":1,"25":1},"b":{"0":[0],"1":[3,3],"2":[0],"3":[7,0],"4":[2,6],"5":[1,0],"6":[1,0],"7":[1,0],"8":[1,0],"9":[1],"10":[1,0],"11":[1],"12":[1,0]}}
,"D:\\Devs\\algorithm-animator\\src\\model\\utils.ts": {"path":"D:\\Devs\\algorithm-animator\\src\\model\\utils.ts","statementMap":{"0":{"start":{"line":2,"column":2},"end":{"line":2,"column":null}},"1":{"start":{"line":2,"column":32},"end":{"line":2,"column":57}},"2":{"start":{"line":1,"column":0},"end":{"line":1,"column":16}},"3":{"start":{"line":5,"column":0},"end":{"line":5,"column":null}},"4":{"start":{"line":6,"column":2},"end":{"line":6,"column":null}},"5":{"start":{"line":7,"column":2},"end":{"line":7,"column":null}},"6":{"start":{"line":8,"column":2},"end":{"line":8,"column":null}},"7":{"start":{"line":9,"column":2},"end":{"line":9,"column":null}},"8":{"start":{"line":10,"column":2},"end":{"line":10,"column":null}},"9":{"start":{"line":11,"column":2},"end":{"line":11,"column":null}}},"fnMap":{"0":{"name":"Sleep","decl":{"start":{"line":1,"column":16},"end":{"line":1,"column":21}},"loc":{"start":{"line":1,"column":34},"end":{"line":3,"column":1}}},"1":{"name":"(anonymous_1)","decl":{"start":{"line":2,"column":21},"end":{"line":2,"column":28}},"loc":{"start":{"line":2,"column":32},"end":{"line":2,"column":57}}},"2":{"name":"(anonymous_2)","decl":{"start":{"line":5,"column":0},"end":{"line":5,"column":12}},"loc":{"start":{"line":5,"column":27},"end":{"line":12,"column":1}}}},"branchMap":{"0":{"loc":{"start":{"line":5,"column":12},"end":{"line":5,"column":27}},"type":"binary-expr","locations":[{"start":{"line":5,"column":12},"end":{"line":5,"column":27}},{"start":{"line":5,"column":12},"end":{"line":5,"column":null}}]}},"s":{"0":3,"1":3,"2":3,"3":3,"4":3,"5":3,"6":3,"7":3,"8":3,"9":3},"f":{"0":3,"1":3,"2":3},"b":{"0":[3,3]}}
}
