TN:
SF:D:\Devs\algorithm-animator\src\model\BinaryHeap.ts
FN:11,CreateHeapNode
FN:33,(anonymous_1)
FN:35,(anonymous_2)
FN:41,(anonymous_3)
FN:42,(anonymous_4)
FN:43,(anonymous_5)
FN:43,(anonymous_6)
FN:28,(anonymous_7)
FN:47,(anonymous_8)
FN:48,(anonymous_9)
FN:49,(anonymous_10)
FN:52,(anonymous_11)
FN:53,(anonymous_12)
FN:56,(anonymous_13)
FN:60,(anonymous_14)
FN:64,(anonymous_15)
FN:68,(anonymous_16)
FN:72,(anonymous_17)
FN:76,(anonymous_18)
FN:80,(anonymous_19)
FN:81,(anonymous_20)
FN:89,(anonymous_21)
FN:93,(anonymous_22)
FN:104,(anonymous_23)
FN:114,(anonymous_24)
FN:118,(anonymous_25)
FN:119,(anonymous_26)
FN:122,(anonymous_27)
FN:128,(anonymous_28)
FN:136,(anonymous_29)
FN:152,(anonymous_30)
FN:173,(anonymous_31)
FN:201,(anonymous_32)
FN:210,(anonymous_33)
FN:213,(anonymous_34)
FN:231,(anonymous_35)
FNF:36
FNH:5
FNDA:16,CreateHeapNode
FNDA:1,(anonymous_1)
FNDA:16,(anonymous_2)
FNDA:0,(anonymous_3)
FNDA:0,(anonymous_4)
FNDA:0,(anonymous_5)
FNDA:0,(anonymous_6)
FNDA:1,(anonymous_7)
FNDA:0,(anonymous_8)
FNDA:0,(anonymous_9)
FNDA:0,(anonymous_10)
FNDA:0,(anonymous_11)
FNDA:0,(anonymous_12)
FNDA:1,(anonymous_13)
FNDA:0,(anonymous_14)
FNDA:0,(anonymous_15)
FNDA:0,(anonymous_16)
FNDA:0,(anonymous_17)
FNDA:0,(anonymous_18)
FNDA:0,(anonymous_19)
FNDA:0,(anonymous_20)
FNDA:0,(anonymous_21)
FNDA:0,(anonymous_22)
FNDA:0,(anonymous_23)
FNDA:0,(anonymous_24)
FNDA:0,(anonymous_25)
FNDA:0,(anonymous_26)
FNDA:0,(anonymous_27)
FNDA:0,(anonymous_28)
FNDA:0,(anonymous_29)
FNDA:0,(anonymous_30)
FNDA:0,(anonymous_31)
FNDA:0,(anonymous_32)
FNDA:0,(anonymous_33)
FNDA:0,(anonymous_34)
FNDA:0,(anonymous_35)
DA:1,1
DA:2,1
DA:3,1
DA:4,1
DA:12,16
DA:19,1
DA:29,1
DA:30,1
DA:34,1
DA:35,1
DA:36,16
DA:38,1
DA:39,1
DA:40,1
DA:41,1
DA:42,1
DA:43,1
DA:44,1
DA:48,0
DA:49,0
DA:53,0
DA:57,1
DA:61,0
DA:65,0
DA:69,0
DA:73,0
DA:77,0
DA:81,0
DA:82,0
DA:83,0
DA:84,0
DA:90,0
DA:94,0
DA:95,0
DA:96,0
DA:97,0
DA:99,0
DA:101,0
DA:105,0
DA:106,0
DA:107,0
DA:108,0
DA:109,0
DA:115,0
DA:119,0
DA:123,0
DA:124,0
DA:129,0
DA:130,0
DA:131,0
DA:137,0
DA:138,0
DA:140,0
DA:141,0
DA:142,0
DA:143,0
DA:144,0
DA:145,0
DA:146,0
DA:148,0
DA:153,0
DA:154,0
DA:155,0
DA:156,0
DA:157,0
DA:158,0
DA:159,0
DA:161,0
DA:162,0
DA:163,0
DA:164,0
DA:165,0
DA:167,0
DA:174,0
DA:175,0
DA:176,0
DA:177,0
DA:178,0
DA:179,0
DA:180,0
DA:181,0
DA:182,0
DA:183,0
DA:185,0
DA:187,0
DA:188,0
DA:189,0
DA:190,0
DA:191,0
DA:192,0
DA:193,0
DA:195,0
DA:197,0
DA:202,0
DA:203,0
DA:204,0
DA:205,0
DA:206,0
DA:211,0
DA:212,0
DA:213,0
DA:215,0
DA:216,0
DA:217,0
DA:218,0
DA:219,0
DA:220,0
DA:221,0
DA:222,0
DA:223,0
DA:224,0
DA:225,0
DA:226,0
DA:228,0
DA:233,0
DA:235,0
DA:236,0
DA:237,0
DA:238,0
DA:239,0
DA:240,0
DA:241,0
DA:242,0
DA:244,0
DA:245,0
DA:246,0
LF:126
LH:19
BRDA:33,0,0,0
BRDA:36,1,0,8
BRDA:36,1,1,8
BRDA:36,2,0,16
BRDA:36,2,1,15
BRDA:42,3,0,1
BRDA:42,3,1,0
BRDA:43,4,0,1
BRDA:43,4,1,1
BRDA:47,5,0,0
BRDA:83,6,0,0
BRDA:83,6,1,0
BRDA:83,7,0,0
BRDA:83,7,1,0
BRDA:95,8,0,0
BRDA:95,8,1,0
BRDA:96,9,0,0
BRDA:96,9,1,0
BRDA:106,10,0,0
BRDA:106,10,1,0
BRDA:108,11,0,0
BRDA:108,11,1,0
BRDA:130,12,0,0
BRDA:130,12,1,0
BRDA:136,13,0,0
BRDA:137,14,0,0
BRDA:137,14,1,0
BRDA:158,15,0,0
BRDA:158,15,1,0
BRDA:158,16,0,0
BRDA:158,16,1,0
BRDA:161,17,0,0
BRDA:161,17,1,0
BRDA:181,18,0,0
BRDA:181,18,1,0
BRDA:181,19,0,0
BRDA:181,19,1,0
BRDA:190,20,0,0
BRDA:190,20,1,0
BRDA:211,21,0,0
BRDA:211,21,1,0
BRDA:222,22,0,0
BRDA:222,22,1,0
BRF:43
BRH:7
end_of_record
TN:
SF:D:\Devs\algorithm-animator\src\model\ObjectLink.ts
FN:1,(anonymous_0)
FN:5,(anonymous_1)
FN:9,(anonymous_2)
FNF:3
FNH:3
FNDA:3,(anonymous_0)
FNDA:2,(anonymous_1)
FNDA:5,(anonymous_2)
DA:2,3
DA:3,3
DA:6,2
DA:10,5
DA:11,5
DA:15,3
DA:17,3
LF:7
LH:7
BRF:0
BRH:0
end_of_record
TN:
SF:D:\Devs\algorithm-animator\src\model\ObservableArray.ts
FN:11,CreateArrayItem
FN:25,(anonymous_1)
FN:26,(anonymous_2)
FN:28,(anonymous_3)
FN:28,(anonymous_4)
FN:31,(anonymous_5)
FN:32,(anonymous_6)
FN:36,(anonymous_7)
FN:40,(anonymous_8)
FN:44,(anonymous_9)
FN:48,(anonymous_10)
FN:49,(anonymous_11)
FN:57,(anonymous_12)
FN:58,(anonymous_13)
FN:61,(anonymous_14)
FN:62,(anonymous_15)
FN:65,(anonymous_16)
FN:66,(anonymous_17)
FN:73,(anonymous_18)
FN:77,(anonymous_19)
FN:88,(anonymous_20)
FN:98,(anonymous_21)
FN:102,(anonymous_22)
FN:103,(anonymous_23)
FN:106,(anonymous_24)
FN:122,(anonymous_25)
FNF:26
FNH:24
FNDA:39,CreateArrayItem
FNDA:3,(anonymous_1)
FNDA:31,(anonymous_2)
FNDA:0,(anonymous_3)
FNDA:0,(anonymous_4)
FNDA:1,(anonymous_5)
FNDA:20,(anonymous_6)
FNDA:1,(anonymous_7)
FNDA:12,(anonymous_8)
FNDA:2,(anonymous_9)
FNDA:5,(anonymous_10)
FNDA:7,(anonymous_11)
FNDA:5,(anonymous_12)
FNDA:7,(anonymous_13)
FNDA:1,(anonymous_14)
FNDA:8,(anonymous_15)
FNDA:1,(anonymous_16)
FNDA:8,(anonymous_17)
FNDA:3,(anonymous_18)
FNDA:1,(anonymous_19)
FNDA:1,(anonymous_20)
FNDA:1,(anonymous_21)
FNDA:1,(anonymous_22)
FNDA:8,(anonymous_23)
FNDA:1,(anonymous_24)
FNDA:1,(anonymous_25)
DA:1,1
DA:2,1
DA:3,1
DA:4,1
DA:12,39
DA:21,1
DA:26,31
DA:27,3
DA:28,3
DA:32,20
DA:33,1
DA:37,1
DA:41,12
DA:45,2
DA:49,5
DA:50,7
DA:51,7
DA:52,7
DA:58,7
DA:62,8
DA:66,1
DA:67,8
DA:68,2
DA:74,3
DA:78,1
DA:79,1
DA:80,1
DA:81,1
DA:83,1
DA:85,0
DA:89,1
DA:90,1
DA:91,1
DA:92,1
DA:94,1
DA:99,1
DA:103,8
DA:107,1
DA:108,1
DA:110,1
DA:111,1
DA:112,0
DA:113,0
DA:114,0
DA:115,0
DA:116,0
DA:118,0
DA:123,1
DA:124,1
DA:125,1
DA:126,1
DA:127,0
DA:128,0
DA:129,0
DA:130,0
DA:131,0
LF:56
LH:44
BRDA:25,0,0,0
BRDA:28,1,0,3
BRDA:28,1,1,3
BRDA:31,2,0,0
BRDA:51,3,0,7
BRDA:51,3,1,0
BRDA:67,4,0,2
BRDA:67,4,1,6
BRDA:79,5,0,1
BRDA:79,5,1,0
BRDA:80,6,0,1
BRDA:80,6,1,0
BRDA:90,7,0,1
BRDA:90,7,1,0
BRDA:91,8,0,1
BRDA:91,8,1,0
BRDA:106,9,0,1
BRDA:107,10,0,1
BRDA:107,10,1,0
BRDA:122,11,0,1
BRDA:123,12,0,1
BRDA:123,12,1,0
BRF:22
BRH:13
end_of_record
TN:
SF:D:\Devs\algorithm-animator\src\model\utils.ts
FN:1,Sleep
FN:2,(anonymous_1)
FN:5,(anonymous_2)
FNF:3
FNH:3
FNDA:3,Sleep
FNDA:3,(anonymous_1)
FNDA:3,(anonymous_2)
DA:1,3
DA:2,3
DA:5,3
DA:6,3
DA:7,3
DA:8,3
DA:9,3
DA:10,3
DA:11,3
LF:9
LH:9
BRDA:5,0,0,3
BRDA:5,0,1,3
BRF:2
BRH:2
end_of_record
